{
  "RSpec": {
    "coverage": {
      "/Users/zimmja/Desktop/MAKERS/Week05/ROMA/spec/activeuser_spec.rb": {
        "lines": [
          null,
          null,
          1,
          null,
          1,
          1,
          1,
          1,
          1,
          null,
          null,
          null,
          1,
          1,
          1,
          1,
          null,
          null,
          null,
          1,
          1,
          1,
          null,
          null,
          1,
          1,
          null,
          null,
          1,
          1,
          null,
          null,
          null
        ]
      },
      "/Users/zimmja/Desktop/MAKERS/Week05/ROMA/spec/features/book_spec.rb": {
        "lines": [
          1,
          1,
          1,
          1,
          1,
          null,
          null
        ]
      },
      "/Users/zimmja/Desktop/MAKERS/Week05/ROMA/spec/features/features_add_spec.rb": {
        "lines": [
          1,
          null,
          1,
          null,
          null,
          null,
          null,
          null,
          null,
          null,
          null,
          null,
          null,
          null,
          null
        ]
      },
      "/Users/zimmja/Desktop/MAKERS/Week05/ROMA/spec/features/signin_spec.rb": {
        "lines": [
          null,
          1,
          1,
          1,
          1,
          1,
          1,
          1,
          1,
          1,
          null,
          null,
          null,
          1,
          1,
          1,
          1,
          null,
          null,
          null
        ]
      },
      "/Users/zimmja/Desktop/MAKERS/Week05/ROMA/spec/spaces_spec.rb": {
        "lines": [
          null,
          null,
          1,
          1,
          null,
          1,
          1,
          null,
          1,
          1,
          2,
          null,
          null,
          1,
          2,
          null,
          null,
          1,
          4,
          4,
          null,
          null,
          null
        ]
      }
    },
    "timestamp": 1637186904
  }
}
